# JRE version: Java(TM) SE Runtime Environment (8.0_201-b09) (build 1.8.0_201-b09)
# Java VM: Java HotSpot(TM) 64-Bit Server VM (25.201-b09 mixed mode windows-amd64 compressed oops)
Heap:
 garbage-first heap   total 169984K, used 140588K [0x00000000c0000000, 0x00000000c0100530, 0x0000000100000000)
  region size 1024K, 42 young (43008K), 8 survivors (8192K)
 Metaspace       used 54609K, capacity 57426K, committed 57724K, reserved 1099776K
  class space    used 6617K, capacity 7501K, committed 7548K, reserved 1048576K
GC Heap History (10 events):
Event: 67.084 GC heap before
{Heap before GC invocations=21 (full 0):
 garbage-first heap   total 131072K, used 113439K [0x00000000c0000000, 0x00000000c0100400, 0x0000000100000000)
  region size 1024K, 65 young (66560K), 4 survivors (4096K)
 Metaspace       used 54245K, capacity 57004K, committed 57212K, reserved 1099776K
  class space    used 6593K, capacity 7468K, committed 7548K, reserved 1048576K
Event: 67.092 GC heap after
Heap after GC invocations=22 (full 0):
 garbage-first heap   total 131072K, used 56884K [0x00000000c0000000, 0x00000000c0100400, 0x0000000100000000)
  region size 1024K, 9 young (9216K), 9 survivors (9216K)
 Metaspace       used 54245K, capacity 57004K, committed 57212K, reserved 1099776K
  class space    used 6593K, capacity 7468K, committed 7548K, reserved 1048576K
}
Event: 67.178 GC heap before
{Heap before GC invocations=22 (full 0):
 garbage-first heap   total 131072K, used 67818K [0x00000000c0000000, 0x00000000c0100400, 0x0000000100000000)
  region size 1024K, 14 young (14336K), 9 survivors (9216K)
 Metaspace       used 54398K, capacity 57132K, committed 57468K, reserved 1099776K
  class space    used 6602K, capacity 7468K, committed 7548K, reserved 1048576K
Event: 67.185 GC heap after
Heap after GC invocations=23 (full 0):
 garbage-first heap   total 131072K, used 60379K [0x00000000c0000000, 0x00000000c0100400, 0x0000000100000000)
  region size 1024K, 3 young (3072K), 3 survivors (3072K)
 Metaspace       used 54398K, capacity 57132K, committed 57468K, reserved 1099776K
  class space    used 6602K, capacity 7468K, committed 7548K, reserved 1048576K
}
Event: 67.446 GC heap before
{Heap before GC invocations=24 (full 0):
 garbage-first heap   total 153600K, used 148889K [0x00000000c0000000, 0x00000000c01004b0, 0x0000000100000000)
  region size 1024K, 38 young (38912K), 3 survivors (3072K)
 Metaspace       used 54540K, capacity 57362K, committed 57468K, reserved 1099776K
  class space    used 6617K, capacity 7501K, committed 7548K, reserved 1048576K
Event: 67.462 GC heap after
Heap after GC invocations=25 (full 0):
 garbage-first heap   total 169984K, used 85804K [0x00000000c0000000, 0x00000000c0100530, 0x0000000100000000)
  region size 1024K, 7 young (7168K), 7 survivors (7168K)
 Metaspace       used 54540K, capacity 57362K, committed 57468K, reserved 1099776K
  class space    used 6617K, capacity 7501K, committed 7548K, reserved 1048576K
}
Event: 67.466 GC heap before
{Heap before GC invocations=25 (full 0):
 garbage-first heap   total 169984K, used 86828K [0x00000000c0000000, 0x00000000c0100530, 0x0000000100000000)
  region size 1024K, 8 young (8192K), 7 survivors (7168K)
 Metaspace       used 54540K, capacity 57362K, committed 57468K, reserved 1099776K
  class space    used 6617K, capacity 7501K, committed 7548K, reserved 1048576K
Event: 67.474 GC heap after
Heap after GC invocations=26 (full 0):
 garbage-first heap   total 169984K, used 80172K [0x00000000c0000000, 0x00000000c0100530, 0x0000000100000000)
  region size 1024K, 1 young (1024K), 1 survivors (1024K)
 Metaspace       used 54540K, capacity 57362K, committed 57468K, reserved 1099776K
  class space    used 6617K, capacity 7501K, committed 7548K, reserved 1048576K
}
Event: 67.689 GC heap before
{Heap before GC invocations=26 (full 0):
 garbage-first heap   total 169984K, used 141612K [0x00000000c0000000, 0x00000000c0100530, 0x0000000100000000)
  region size 1024K, 61 young (62464K), 1 survivors (1024K)
 Metaspace       used 54574K, capacity 57426K, committed 57724K, reserved 1099776K
  class space    used 6617K, capacity 7501K, committed 7548K, reserved 1048576K
Event: 67.714 GC heap after
Heap after GC invocations=27 (full 0):
 garbage-first heap   total 169984K, used 105772K [0x00000000c0000000, 0x00000000c0100530, 0x0000000100000000)
  region size 1024K, 8 young (8192K), 8 survivors (8192K)
 Metaspace       used 54574K, capacity 57426K, committed 57724K, reserved 1099776K
  class space    used 6617K, capacity 7501K, committed 7548K, reserved 1048576K
}

