# JRE version: Java(TM) SE Runtime Environment (8.0_201-b09) (build 1.8.0_201-b09)
# Java VM: Java HotSpot(TM) 64-Bit Server VM (25.201-b09 mixed mode windows-amd64 compressed oops)
Heap:
 PSYoungGen      total 65024K, used 25084K [0x00000000eab00000, 0x00000000f3000000, 0x0000000100000000)
  eden space 59904K, 33% used [0x00000000eab00000,0x00000000ebe86168,0x00000000ee580000)
  from space 5120K, 99% used [0x00000000ef100000,0x00000000ef5f9188,0x00000000ef600000)
  to   space 11776K, 0% used [0x00000000ee580000,0x00000000ee580000,0x00000000ef100000)
 ParOldGen       total 59392K, used 13850K [0x00000000c0000000, 0x00000000c3a00000, 0x00000000eab00000)
  object space 59392K, 23% used [0x00000000c0000000,0x00000000c0d86830,0x00000000c3a00000)
 Metaspace       used 28972K, capacity 29562K, committed 29952K, reserved 1075200K
  class space    used 4040K, capacity 4256K, committed 4352K, reserved 1048576K
GC Heap History (10 events):
Event: 3.757 GC heap before
{Heap before GC invocations=3 (full 0):
 PSYoungGen      total 38400K, used 38369K [0x00000000eab00000, 0x00000000ed580000, 0x0000000100000000)
  eden space 33280K, 100% used [0x00000000eab00000,0x00000000ecb80000,0x00000000ecb80000)
  from space 5120K, 99% used [0x00000000ed080000,0x00000000ed5785d8,0x00000000ed580000)
  to   space 5120K, 0% used [0x00000000ecb80000,0x00000000ecb80000,0x00000000ed080000)
 ParOldGen       total 87552K, used 16K [0x00000000c0000000, 0x00000000c5580000, 0x00000000eab00000)
  object space 87552K, 0% used [0x00000000c0000000,0x00000000c0004000,0x00000000c5580000)
 Metaspace       used 13747K, capacity 13992K, committed 14208K, reserved 1060864K
  class space    used 1976K, capacity 2092K, committed 2176K, reserved 1048576K
Event: 3.911 GC heap after
Heap after GC invocations=3 (full 0):
 PSYoungGen      total 38400K, used 5109K [0x00000000eab00000, 0x00000000ef600000, 0x0000000100000000)
  eden space 33280K, 0% used [0x00000000eab00000,0x00000000eab00000,0x00000000ecb80000)
  from space 5120K, 99% used [0x00000000ecb80000,0x00000000ed07d698,0x00000000ed080000)
  to   space 5120K, 0% used [0x00000000ef100000,0x00000000ef100000,0x00000000ef600000)
 ParOldGen       total 87552K, used 2080K [0x00000000c0000000, 0x00000000c5580000, 0x00000000eab00000)
  object space 87552K, 2% used [0x00000000c0000000,0x00000000c02083a0,0x00000000c5580000)
 Metaspace       used 13747K, capacity 13992K, committed 14208K, reserved 1060864K
  class space    used 1976K, capacity 2092K, committed 2176K, reserved 1048576K
}
Event: 6.411 GC heap before
{Heap before GC invocations=4 (full 0):
 PSYoungGen      total 38400K, used 38389K [0x00000000eab00000, 0x00000000ef600000, 0x0000000100000000)
  eden space 33280K, 100% used [0x00000000eab00000,0x00000000ecb80000,0x00000000ecb80000)
  from space 5120K, 99% used [0x00000000ecb80000,0x00000000ed07d698,0x00000000ed080000)
  to   space 5120K, 0% used [0x00000000ef100000,0x00000000ef100000,0x00000000ef600000)
 ParOldGen       total 87552K, used 2080K [0x00000000c0000000, 0x00000000c5580000, 0x00000000eab00000)
  object space 87552K, 2% used [0x00000000c0000000,0x00000000c02083a0,0x00000000c5580000)
 Metaspace       used 16718K, capacity 17046K, committed 17280K, reserved 1064960K
  class space    used 2465K, capacity 2645K, committed 2688K, reserved 1048576K
Event: 6.420 GC heap after
Heap after GC invocations=4 (full 0):
 PSYoungGen      total 71680K, used 5104K [0x00000000eab00000, 0x00000000ef600000, 0x0000000100000000)
  eden space 66560K, 0% used [0x00000000eab00000,0x00000000eab00000,0x00000000eec00000)
  from space 5120K, 99% used [0x00000000ef100000,0x00000000ef5fc050,0x00000000ef600000)
  to   space 5120K, 0% used [0x00000000eec00000,0x00000000eec00000,0x00000000ef100000)
 ParOldGen       total 87552K, used 5283K [0x00000000c0000000, 0x00000000c5580000, 0x00000000eab00000)
  object space 87552K, 6% used [0x00000000c0000000,0x00000000c0528fd8,0x00000000c5580000)
 Metaspace       used 16718K, capacity 17046K, committed 17280K, reserved 1064960K
  class space    used 2465K, capacity 2645K, committed 2688K, reserved 1048576K
}
Event: 9.855 GC heap before
{Heap before GC invocations=5 (full 0):
 PSYoungGen      total 71680K, used 42233K [0x00000000eab00000, 0x00000000ef600000, 0x0000000100000000)
  eden space 66560K, 55% used [0x00000000eab00000,0x00000000ecf424b0,0x00000000eec00000)
  from space 5120K, 99% used [0x00000000ef100000,0x00000000ef5fc050,0x00000000ef600000)
  to   space 5120K, 0% used [0x00000000eec00000,0x00000000eec00000,0x00000000ef100000)
 ParOldGen       total 87552K, used 5283K [0x00000000c0000000, 0x00000000c5580000, 0x00000000eab00000)
  object space 87552K, 6% used [0x00000000c0000000,0x00000000c0528fd8,0x00000000c5580000)
 Metaspace       used 20759K, capacity 21186K, committed 21296K, reserved 1067008K
  class space    used 3003K, capacity 3179K, committed 3200K, reserved 1048576K
Event: 9.871 GC heap after
Heap after GC invocations=5 (full 0):
 PSYoungGen      total 71680K, used 5088K [0x00000000eab00000, 0x00000000ef600000, 0x0000000100000000)
  eden space 66560K, 0% used [0x00000000eab00000,0x00000000eab00000,0x00000000eec00000)
  from space 5120K, 99% used [0x00000000eec00000,0x00000000ef0f8050,0x00000000ef100000)
  to   space 5120K, 0% used [0x00000000ef100000,0x00000000ef100000,0x00000000ef600000)
 ParOldGen       total 87552K, used 10947K [0x00000000c0000000, 0x00000000c5580000, 0x00000000eab00000)
  object space 87552K, 12% used [0x00000000c0000000,0x00000000c0ab0ed0,0x00000000c5580000)
 Metaspace       used 20759K, capacity 21186K, committed 21296K, reserved 1067008K
  class space    used 3003K, capacity 3179K, committed 3200K, reserved 1048576K
}
Event: 9.871 GC heap before
{Heap before GC invocations=6 (full 1):
 PSYoungGen      total 71680K, used 5088K [0x00000000eab00000, 0x00000000ef600000, 0x0000000100000000)
  eden space 66560K, 0% used [0x00000000eab00000,0x00000000eab00000,0x00000000eec00000)
  from space 5120K, 99% used [0x00000000eec00000,0x00000000ef0f8050,0x00000000ef100000)
  to   space 5120K, 0% used [0x00000000ef100000,0x00000000ef100000,0x00000000ef600000)
 ParOldGen       total 87552K, used 10947K [0x00000000c0000000, 0x00000000c5580000, 0x00000000eab00000)
  object space 87552K, 12% used [0x00000000c0000000,0x00000000c0ab0ed0,0x00000000c5580000)
 Metaspace       used 20759K, capacity 21186K, committed 21296K, reserved 1067008K
  class space    used 3003K, capacity 3179K, committed 3200K, reserved 1048576K
Event: 9.929 GC heap after
Heap after GC invocations=6 (full 1):
 PSYoungGen      total 71680K, used 0K [0x00000000eab00000, 0x00000000ef600000, 0x0000000100000000)
  eden space 66560K, 0% used [0x00000000eab00000,0x00000000eab00000,0x00000000eec00000)
  from space 5120K, 0% used [0x00000000eec00000,0x00000000eec00000,0x00000000ef100000)
  to   space 5120K, 0% used [0x00000000ef100000,0x00000000ef100000,0x00000000ef600000)
 ParOldGen       total 59392K, used 11055K [0x00000000c0000000, 0x00000000c3a00000, 0x00000000eab00000)
  object space 59392K, 18% used [0x00000000c0000000,0x00000000c0acbe78,0x00000000c3a00000)
 Metaspace       used 20759K, capacity 21186K, committed 21296K, reserved 1067008K
  class space    used 3003K, capacity 3179K, committed 3200K, reserved 1048576K
}
Event: 14.318 GC heap before
{Heap before GC invocations=7 (full 1):
 PSYoungGen      total 71680K, used 66560K [0x00000000eab00000, 0x00000000ef600000, 0x0000000100000000)
  eden space 66560K, 100% used [0x00000000eab00000,0x00000000eec00000,0x00000000eec00000)
  from space 5120K, 0% used [0x00000000eec00000,0x00000000eec00000,0x00000000ef100000)
  to   space 5120K, 0% used [0x00000000ef100000,0x00000000ef100000,0x00000000ef600000)
 ParOldGen       total 59392K, used 11055K [0x00000000c0000000, 0x00000000c3a00000, 0x00000000eab00000)
  object space 59392K, 18% used [0x00000000c0000000,0x00000000c0acbe78,0x00000000c3a00000)
 Metaspace       used 28150K, capacity 28666K, committed 28928K, reserved 1075200K
  class space    used 3882K, capacity 4064K, committed 4096K, reserved 1048576K
Event: 14.324 GC heap after
Heap after GC invocations=7 (full 1):
 PSYoungGen      total 65024K, used 5092K [0x00000000eab00000, 0x00000000f3000000, 0x0000000100000000)
  eden space 59904K, 0% used [0x00000000eab00000,0x00000000eab00000,0x00000000ee580000)
  from space 5120K, 99% used [0x00000000ef100000,0x00000000ef5f9188,0x00000000ef600000)
  to   space 11776K, 0% used [0x00000000ee580000,0x00000000ee580000,0x00000000ef100000)
 ParOldGen       total 59392K, used 13850K [0x00000000c0000000, 0x00000000c3a00000, 0x00000000eab00000)
  object space 59392K, 23% used [0x00000000c0000000,0x00000000c0d86830,0x00000000c3a00000)
 Metaspace       used 28150K, capacity 28666K, committed 28928K, reserved 1075200K
  class space    used 3882K, capacity 4064K, committed 4096K, reserved 1048576K
}

